This is XeTeX, Version 3.141592653-2.6-0.999998 (TeX Live 2026) (preloaded format=xelatex 2026.3.30)  17 APR 2026 18:08
entering extended mode
 \write18 enabled.
 file:line:error style messages enabled.
 %&-line parsing enabled.
**/Users/bytedance/Desktop/vanet_ids/SCUT-thesis/main.tex
(/Users/bytedance/Desktop/vanet_ids/SCUT-thesis/main.tex
LaTeX2e <2025-11-01>
L3 programming layer <2026-01-19>

! LaTeX Error: File `scutthesis.cls' not found.

Type X to quit or <RETURN> to proceed,
or enter new name. (Default extension: cls)

Enter file name: 
/Users/bytedance/Desktop/vanet_ids/SCUT-thesis/main.tex:3: Emergency stop.
<read *> 
         
l.3 ^^M
       
*** (cannot \read from terminal in nonstop modes)

 
Here is how much of TeX's memory you used:
 19 strings out of 469709
 473 string characters out of 5465841
 426408 words of memory out of 5000000
 28749 multiletter control sequences out of 15000+600000
 627721 words of font info for 40 fonts, out of 8000000 for 9000
 319 hyphenation exceptions out of 8191
 19i,0n,29p,145b,17s stack positions out of 10000i,1000n,20000p,200000b,200000s
No pages of output.
